2025-09-07 11:59:58,918 - EcoCondominioPro - CRITICAL - Critical system error: Slider `min_value` must be less than the `max_value`.
The values were 1 and 1.
2025-09-07 12:03:54,618 - choreographer.browsers.chromium - INFO - Chromium init'ed with kwargs {}
2025-09-07 12:03:54,619 - choreographer.browsers.chromium - INFO - Found chromium path: C:\Program Files\Google\Chrome\Application\chrome.exe
2025-09-07 12:03:54,619 - choreographer.utils._tmpfile - INFO - Temp directory created: C:\Users\mezen\AppData\Local\Temp\tmptya9p735.
2025-09-07 12:03:54,620 - choreographer.browser_async - INFO - Opening browser.
2025-09-07 12:03:54,620 - choreographer.utils._tmpfile - INFO - Temp directory created: C:\Users\mezen\AppData\Local\Temp\tmpj1ljlj9m.
2025-09-07 12:03:54,620 - choreographer.browsers.chromium - INFO - Temporary directory at: C:\Users\mezen\AppData\Local\Temp\tmpj1ljlj9m
2025-09-07 12:03:54,776 - kaleido.kaleido - INFO - Conforming 1 to file:///C:/Users/mezen/AppData/Local/Temp/tmptya9p735/index.html
2025-09-07 12:03:54,776 - kaleido.kaleido - INFO - Waiting on all navigates
2025-09-07 12:03:55,355 - kaleido.kaleido - INFO - All navigates done, putting them all in queue.
2025-09-07 12:03:55,356 - kaleido.kaleido - INFO - Getting tab from queue (has 1)
2025-09-07 12:03:55,356 - kaleido.kaleido - INFO - Got B748
2025-09-07 12:03:55,356 - kaleido._kaleido_tab - INFO - Processing Evoluo_dos_Resduos_por_Semana.png
2025-09-07 12:03:55,356 - kaleido._kaleido_tab - INFO - Sending big command for Evoluo_dos_Resduos_por_Semana.png.
2025-09-07 12:03:55,418 - kaleido._kaleido_tab - INFO - Sent big command for Evoluo_dos_Resduos_por_Semana.png.
2025-09-07 12:03:55,419 - kaleido.kaleido - INFO - Reloading tab B748 before return.
2025-09-07 12:03:55,479 - kaleido.kaleido - INFO - Putting tab B748 back (queue size: 0).
2025-09-07 12:03:55,479 - kaleido.kaleido - INFO - Waiting for all cleanups to finish.
2025-09-07 12:03:55,480 - kaleido.kaleido - INFO - Exiting Kaleido
2025-09-07 12:03:55,480 - choreographer.utils._tmpfile - INFO - TemporaryDirectory.cleanup() worked.
2025-09-07 12:03:55,480 - choreographer.utils._tmpfile - INFO - shutil.rmtree worked.
2025-09-07 12:03:55,480 - kaleido.kaleido - INFO - Cancelling tasks.
2025-09-07 12:03:55,481 - kaleido.kaleido - INFO - Exiting Kaleido/Choreo
2025-09-07 12:03:55,481 - choreographer.browser_async - INFO - Closing browser.
2025-09-07 12:03:55,482 - choreographer.utils._tmpfile - INFO - TemporaryDirectory.cleanup() worked.
2025-09-07 12:03:55,482 - choreographer.utils._tmpfile - INFO - shutil.rmtree worked.
2025-09-07 12:03:55,482 - kaleido.kaleido - INFO - Cancelling tasks.
2025-09-07 12:03:55,482 - kaleido.kaleido - INFO - Exiting Kaleido/Choreo
2025-09-07 12:03:55,482 - choreographer.browser_async - INFO - Closing browser.
2025-09-07 12:03:55,583 - choreographer.utils._tmpfile - INFO - TemporaryDirectory.cleanup() worked.
2025-09-07 12:03:55,584 - choreographer.utils._tmpfile - INFO - shutil.rmtree worked.
2025-09-07 12:03:55,623 - choreographer.utils._tmpfile - INFO - TemporaryDirectory.cleanup() worked.
2025-09-07 12:03:55,623 - choreographer.utils._tmpfile - INFO - shutil.rmtree worked.
2025-09-07 12:05:05,204 - __main__ - CRITICAL - Erro crítico do sistema: name 'AdvancedDatabaseManager' is not defined
Traceback (most recent call last):
  File "C:\Users\mezen\ecocondominio-pro\ecocondominio_pro.py", line 210, in <module>
    main()
  File "C:\Users\mezen\ecocondominio-pro\ecocondominio_pro.py", line 188, in main
    db_manager = AdvancedDatabaseManager(str(db_path))
                 ^^^^^^^^^^^^^^^^^^^^^^^
NameError: name 'AdvancedDatabaseManager' is not defined
2025-09-07 12:07:11,297 - choreographer.browsers.chromium - INFO - Chromium init'ed with kwargs {}
2025-09-07 12:07:11,297 - choreographer.browsers.chromium - INFO - Found chromium path: C:\Program Files\Google\Chrome\Application\chrome.exe
2025-09-07 12:07:11,298 - choreographer.utils._tmpfile - INFO - Temp directory created: C:\Users\mezen\AppData\Local\Temp\tmpf0zo_ooe.
2025-09-07 12:07:11,298 - choreographer.browser_async - INFO - Opening browser.
2025-09-07 12:07:11,299 - choreographer.utils._tmpfile - INFO - Temp directory created: C:\Users\mezen\AppData\Local\Temp\tmp73mvj8yj.
2025-09-07 12:07:11,299 - choreographer.browsers.chromium - INFO - Temporary directory at: C:\Users\mezen\AppData\Local\Temp\tmp73mvj8yj
2025-09-07 12:07:11,454 - kaleido.kaleido - INFO - Conforming 1 to file:///C:/Users/mezen/AppData/Local/Temp/tmpf0zo_ooe/index.html
2025-09-07 12:07:11,454 - kaleido.kaleido - INFO - Waiting on all navigates
2025-09-07 12:07:11,795 - kaleido.kaleido - INFO - All navigates done, putting them all in queue.
2025-09-07 12:07:11,796 - kaleido.kaleido - INFO - Getting tab from queue (has 1)
2025-09-07 12:07:11,796 - kaleido.kaleido - INFO - Got 21E6
2025-09-07 12:07:11,796 - kaleido._kaleido_tab - INFO - Processing Evoluo_dos_Resduos_por_Semana.png
2025-09-07 12:07:11,796 - kaleido._kaleido_tab - INFO - Sending big command for Evoluo_dos_Resduos_por_Semana.png.
2025-09-07 12:07:11,860 - kaleido._kaleido_tab - INFO - Sent big command for Evoluo_dos_Resduos_por_Semana.png.
2025-09-07 12:07:11,861 - kaleido.kaleido - INFO - Reloading tab 21E6 before return.
2025-09-07 12:07:12,160 - kaleido.kaleido - INFO - Putting tab 21E6 back (queue size: 0).
2025-09-07 12:07:12,160 - kaleido.kaleido - INFO - Waiting for all cleanups to finish.
2025-09-07 12:07:12,161 - kaleido.kaleido - INFO - Exiting Kaleido
2025-09-07 12:07:12,161 - choreographer.utils._tmpfile - INFO - TemporaryDirectory.cleanup() worked.
2025-09-07 12:07:12,161 - choreographer.utils._tmpfile - INFO - shutil.rmtree worked.
2025-09-07 12:07:12,161 - kaleido.kaleido - INFO - Cancelling tasks.
2025-09-07 12:07:12,161 - kaleido.kaleido - INFO - Exiting Kaleido/Choreo
2025-09-07 12:07:12,161 - choreographer.browser_async - INFO - Closing browser.
2025-09-07 12:07:12,162 - choreographer.utils._tmpfile - INFO - TemporaryDirectory.cleanup() worked.
2025-09-07 12:07:12,163 - choreographer.utils._tmpfile - INFO - shutil.rmtree worked.
2025-09-07 12:07:12,163 - kaleido.kaleido - INFO - Cancelling tasks.
2025-09-07 12:07:12,163 - kaleido.kaleido - INFO - Exiting Kaleido/Choreo
2025-09-07 12:07:12,163 - choreographer.browser_async - INFO - Closing browser.
2025-09-07 12:07:12,258 - choreographer.utils._tmpfile - INFO - TemporaryDirectory.cleanup() worked.
2025-09-07 12:07:12,258 - choreographer.utils._tmpfile - INFO - shutil.rmtree worked.
2025-09-07 12:07:12,268 - choreographer.utils._tmpfile - INFO - TemporaryDirectory.cleanup() worked.
2025-09-07 12:07:12,268 - choreographer.utils._tmpfile - INFO - shutil.rmtree worked.
2025-09-07 12:18:12,735 - __main__ - INFO - Database initialized with advanced schema
2025-09-07 12:18:12,740 - __main__ - CRITICAL - Critical system error: "None of [Index(['reciclavel_kg', 'organico_kg', 'rejeito_kg'], dtype='object')] are in the [columns]"
2025-09-07 12:19:55,829 - choreographer.browsers.chromium - INFO - Chromium init'ed with kwargs {}
2025-09-07 12:19:55,829 - choreographer.browsers.chromium - INFO - Found chromium path: C:\Program Files\Google\Chrome\Application\chrome.exe
2025-09-07 12:19:55,831 - choreographer.utils._tmpfile - INFO - Temp directory created: C:\Users\mezen\AppData\Local\Temp\tmp7t3zu42r.
2025-09-07 12:19:55,832 - choreographer.browser_async - INFO - Opening browser.
2025-09-07 12:19:55,832 - choreographer.utils._tmpfile - INFO - Temp directory created: C:\Users\mezen\AppData\Local\Temp\tmpvwc7_c2u.
2025-09-07 12:19:55,832 - choreographer.browsers.chromium - INFO - Temporary directory at: C:\Users\mezen\AppData\Local\Temp\tmpvwc7_c2u
2025-09-07 12:19:55,995 - kaleido.kaleido - INFO - Conforming 1 to file:///C:/Users/mezen/AppData/Local/Temp/tmp7t3zu42r/index.html
2025-09-07 12:19:55,995 - kaleido.kaleido - INFO - Waiting on all navigates
2025-09-07 12:19:56,583 - kaleido.kaleido - INFO - All navigates done, putting them all in queue.
2025-09-07 12:19:56,583 - kaleido.kaleido - INFO - Getting tab from queue (has 1)
2025-09-07 12:19:56,584 - kaleido.kaleido - INFO - Got C4B9
2025-09-07 12:19:56,584 - kaleido._kaleido_tab - INFO - Processing Evoluo_dos_Resduos_por_Semana.png
2025-09-07 12:19:56,584 - kaleido._kaleido_tab - INFO - Sending big command for Evoluo_dos_Resduos_por_Semana.png.
2025-09-07 12:19:56,649 - kaleido._kaleido_tab - INFO - Sent big command for Evoluo_dos_Resduos_por_Semana.png.
2025-09-07 12:19:56,650 - kaleido.kaleido - INFO - Reloading tab C4B9 before return.
2025-09-07 12:19:56,713 - kaleido.kaleido - INFO - Putting tab C4B9 back (queue size: 0).
2025-09-07 12:19:56,713 - kaleido.kaleido - INFO - Waiting for all cleanups to finish.
2025-09-07 12:19:56,713 - kaleido.kaleido - INFO - Exiting Kaleido
2025-09-07 12:19:56,714 - choreographer.utils._tmpfile - INFO - TemporaryDirectory.cleanup() worked.
2025-09-07 12:19:56,714 - choreographer.utils._tmpfile - INFO - shutil.rmtree worked.
2025-09-07 12:19:56,714 - kaleido.kaleido - INFO - Cancelling tasks.
2025-09-07 12:19:56,714 - kaleido.kaleido - INFO - Exiting Kaleido/Choreo
2025-09-07 12:19:56,714 - choreographer.browser_async - INFO - Closing browser.
2025-09-07 12:19:56,715 - choreographer.utils._tmpfile - INFO - TemporaryDirectory.cleanup() worked.
2025-09-07 12:19:56,715 - choreographer.utils._tmpfile - INFO - shutil.rmtree worked.
2025-09-07 12:19:56,716 - kaleido.kaleido - INFO - Cancelling tasks.
2025-09-07 12:19:56,716 - kaleido.kaleido - INFO - Exiting Kaleido/Choreo
2025-09-07 12:19:56,716 - choreographer.browser_async - INFO - Closing browser.
2025-09-07 12:19:56,820 - choreographer.utils._tmpfile - INFO - TemporaryDirectory.cleanup() worked.
2025-09-07 12:19:56,820 - choreographer.utils._tmpfile - INFO - shutil.rmtree worked.
2025-09-07 12:19:56,985 - choreographer.utils._tmpfile - INFO - TemporaryDirectory.cleanup() worked.
2025-09-07 12:19:56,985 - choreographer.utils._tmpfile - INFO - shutil.rmtree worked.
2025-09-07 12:24:55,523 - choreographer.browsers.chromium - INFO - Chromium init'ed with kwargs {}
2025-09-07 12:24:55,523 - choreographer.browsers.chromium - INFO - Found chromium path: C:\Program Files\Google\Chrome\Application\chrome.exe
2025-09-07 12:24:55,523 - choreographer.utils._tmpfile - INFO - Temp directory created: C:\Users\mezen\AppData\Local\Temp\tmpkctnwdnb.
2025-09-07 12:24:55,524 - choreographer.browser_async - INFO - Opening browser.
2025-09-07 12:24:55,524 - choreographer.utils._tmpfile - INFO - Temp directory created: C:\Users\mezen\AppData\Local\Temp\tmpv4q8hfx4.
2025-09-07 12:24:55,524 - choreographer.browsers.chromium - INFO - Temporary directory at: C:\Users\mezen\AppData\Local\Temp\tmpv4q8hfx4
2025-09-07 12:24:55,688 - kaleido.kaleido - INFO - Conforming 1 to file:///C:/Users/mezen/AppData/Local/Temp/tmpkctnwdnb/index.html
2025-09-07 12:24:55,688 - kaleido.kaleido - INFO - Waiting on all navigates
2025-09-07 12:24:56,294 - kaleido.kaleido - INFO - All navigates done, putting them all in queue.
2025-09-07 12:24:56,294 - kaleido.kaleido - INFO - Getting tab from queue (has 1)
2025-09-07 12:24:56,295 - kaleido.kaleido - INFO - Got A7C1
2025-09-07 12:24:56,295 - kaleido._kaleido_tab - INFO - Processing Evoluo_dos_Resduos_por_Semana.png
2025-09-07 12:24:56,295 - kaleido._kaleido_tab - INFO - Sending big command for Evoluo_dos_Resduos_por_Semana.png.
2025-09-07 12:24:56,362 - kaleido._kaleido_tab - INFO - Sent big command for Evoluo_dos_Resduos_por_Semana.png.
2025-09-07 12:24:56,363 - kaleido.kaleido - INFO - Reloading tab A7C1 before return.
2025-09-07 12:24:56,425 - kaleido.kaleido - INFO - Putting tab A7C1 back (queue size: 0).
2025-09-07 12:24:56,425 - kaleido.kaleido - INFO - Waiting for all cleanups to finish.
2025-09-07 12:24:56,425 - kaleido.kaleido - INFO - Exiting Kaleido
2025-09-07 12:24:56,427 - choreographer.utils._tmpfile - INFO - TemporaryDirectory.cleanup() worked.
2025-09-07 12:24:56,427 - choreographer.utils._tmpfile - INFO - shutil.rmtree worked.
2025-09-07 12:24:56,427 - kaleido.kaleido - INFO - Cancelling tasks.
2025-09-07 12:24:56,427 - kaleido.kaleido - INFO - Exiting Kaleido/Choreo
2025-09-07 12:24:56,427 - choreographer.browser_async - INFO - Closing browser.
2025-09-07 12:24:56,428 - choreographer.utils._tmpfile - INFO - TemporaryDirectory.cleanup() worked.
2025-09-07 12:24:56,429 - choreographer.utils._tmpfile - INFO - shutil.rmtree worked.
2025-09-07 12:24:56,429 - kaleido.kaleido - INFO - Cancelling tasks.
2025-09-07 12:24:56,429 - kaleido.kaleido - INFO - Exiting Kaleido/Choreo
2025-09-07 12:24:56,429 - choreographer.browser_async - INFO - Closing browser.
2025-09-07 12:24:56,532 - choreographer.utils._tmpfile - INFO - TemporaryDirectory.cleanup() worked.
2025-09-07 12:24:56,532 - choreographer.utils._tmpfile - INFO - shutil.rmtree worked.
2025-09-07 12:24:56,687 - choreographer.utils._tmpfile - INFO - TemporaryDirectory.cleanup() worked.
2025-09-07 12:24:56,688 - choreographer.utils._tmpfile - INFO - shutil.rmtree worked.
2025-09-07 12:44:29,706 - __main__ - INFO - Database initialized with advanced schema
2025-09-07 12:45:02,397 - __main__ - INFO - Database initialized with advanced schema
2025-09-07 12:45:40,235 - __main__ - INFO - Database initialized with advanced schema
2025-09-07 12:45:47,492 - __main__ - INFO - Database initialized with advanced schema
2025-09-07 12:45:47,727 - choreographer.browsers.chromium - INFO - Chromium init'ed with kwargs {}
2025-09-07 12:45:47,728 - choreographer.browsers.chromium - INFO - Found chromium path: C:\Program Files\Google\Chrome\Application\chrome.exe
2025-09-07 12:45:47,728 - choreographer.utils._tmpfile - INFO - Temp directory created: C:\Users\mezen\AppData\Local\Temp\tmpry6q_g5d.
2025-09-07 12:45:47,729 - choreographer.browser_async - INFO - Opening browser.
2025-09-07 12:45:47,729 - choreographer.utils._tmpfile - INFO - Temp directory created: C:\Users\mezen\AppData\Local\Temp\tmpwqd7zgrm.
2025-09-07 12:45:47,731 - choreographer.browsers.chromium - INFO - Temporary directory at: C:\Users\mezen\AppData\Local\Temp\tmpwqd7zgrm
2025-09-07 12:45:47,896 - kaleido.kaleido - INFO - Conforming 1 to file:///C:/Users/mezen/AppData/Local/Temp/tmpry6q_g5d/index.html
2025-09-07 12:45:47,896 - kaleido.kaleido - INFO - Waiting on all navigates
2025-09-07 12:45:48,500 - kaleido.kaleido - INFO - All navigates done, putting them all in queue.
2025-09-07 12:45:48,501 - kaleido.kaleido - INFO - Getting tab from queue (has 1)
2025-09-07 12:45:48,501 - kaleido.kaleido - INFO - Got CA10
2025-09-07 12:45:48,501 - kaleido._kaleido_tab - INFO - Processing Evoluo_dos_Resduos_por_Semana.png
2025-09-07 12:45:48,501 - kaleido._kaleido_tab - INFO - Sending big command for Evoluo_dos_Resduos_por_Semana.png.
2025-09-07 12:45:48,560 - kaleido._kaleido_tab - INFO - Sent big command for Evoluo_dos_Resduos_por_Semana.png.
2025-09-07 12:45:48,561 - kaleido.kaleido - INFO - Reloading tab CA10 before return.
2025-09-07 12:45:48,626 - kaleido.kaleido - INFO - Putting tab CA10 back (queue size: 0).
2025-09-07 12:45:48,627 - kaleido.kaleido - INFO - Waiting for all cleanups to finish.
2025-09-07 12:45:48,627 - kaleido.kaleido - INFO - Exiting Kaleido
2025-09-07 12:45:48,627 - choreographer.utils._tmpfile - INFO - TemporaryDirectory.cleanup() worked.
2025-09-07 12:45:48,627 - choreographer.utils._tmpfile - INFO - shutil.rmtree worked.
2025-09-07 12:45:48,627 - kaleido.kaleido - INFO - Cancelling tasks.
2025-09-07 12:45:48,628 - kaleido.kaleido - INFO - Exiting Kaleido/Choreo
2025-09-07 12:45:48,628 - choreographer.browser_async - INFO - Closing browser.
2025-09-07 12:45:48,629 - choreographer.utils._tmpfile - INFO - TemporaryDirectory.cleanup() worked.
2025-09-07 12:45:48,629 - choreographer.utils._tmpfile - INFO - shutil.rmtree worked.
2025-09-07 12:45:48,629 - kaleido.kaleido - INFO - Cancelling tasks.
2025-09-07 12:45:48,629 - kaleido.kaleido - INFO - Exiting Kaleido/Choreo
2025-09-07 12:45:48,629 - choreographer.browser_async - INFO - Closing browser.
2025-09-07 12:45:48,736 - choreographer.utils._tmpfile - INFO - TemporaryDirectory.cleanup() worked.
2025-09-07 12:45:48,736 - choreographer.utils._tmpfile - INFO - shutil.rmtree worked.
2025-09-07 12:45:48,755 - choreographer.browsers.chromium - INFO - Chromium init'ed with kwargs {}
2025-09-07 12:45:48,755 - choreographer.browsers.chromium - INFO - Found chromium path: C:\Program Files\Google\Chrome\Application\chrome.exe
2025-09-07 12:45:48,756 - choreographer.utils._tmpfile - INFO - Temp directory created: C:\Users\mezen\AppData\Local\Temp\tmpep8f9dth.
2025-09-07 12:45:48,756 - choreographer.browser_async - INFO - Opening browser.
2025-09-07 12:45:48,757 - choreographer.utils._tmpfile - INFO - Temp directory created: C:\Users\mezen\AppData\Local\Temp\tmp2158qijp.
2025-09-07 12:45:48,757 - choreographer.browsers.chromium - INFO - Temporary directory at: C:\Users\mezen\AppData\Local\Temp\tmp2158qijp
2025-09-07 12:45:48,920 - kaleido.kaleido - INFO - Conforming 1 to file:///C:/Users/mezen/AppData/Local/Temp/tmpep8f9dth/index.html
2025-09-07 12:45:48,920 - kaleido.kaleido - INFO - Waiting on all navigates
2025-09-07 12:45:49,288 - kaleido.kaleido - INFO - All navigates done, putting them all in queue.
2025-09-07 12:45:49,290 - kaleido.kaleido - INFO - Getting tab from queue (has 1)
2025-09-07 12:45:49,290 - kaleido.kaleido - INFO - Got 2D50
2025-09-07 12:45:49,290 - kaleido._kaleido_tab - INFO - Processing Top_10_Apartamentos___Volume_Total.png
2025-09-07 12:45:49,290 - kaleido._kaleido_tab - INFO - Sending big command for Top_10_Apartamentos___Volume_Total.png.
2025-09-07 12:45:49,346 - kaleido._kaleido_tab - INFO - Sent big command for Top_10_Apartamentos___Volume_Total.png.
2025-09-07 12:45:49,346 - kaleido.kaleido - INFO - Reloading tab 2D50 before return.
2025-09-07 12:45:49,652 - kaleido.kaleido - INFO - Putting tab 2D50 back (queue size: 0).
2025-09-07 12:45:49,652 - kaleido.kaleido - INFO - Waiting for all cleanups to finish.
2025-09-07 12:45:49,652 - kaleido.kaleido - INFO - Exiting Kaleido
2025-09-07 12:45:49,653 - choreographer.utils._tmpfile - INFO - TemporaryDirectory.cleanup() worked.
2025-09-07 12:45:49,653 - choreographer.utils._tmpfile - INFO - shutil.rmtree worked.
2025-09-07 12:45:49,653 - kaleido.kaleido - INFO - Cancelling tasks.
2025-09-07 12:45:49,653 - kaleido.kaleido - INFO - Exiting Kaleido/Choreo
2025-09-07 12:45:49,653 - choreographer.browser_async - INFO - Closing browser.
2025-09-07 12:45:49,655 - choreographer.utils._tmpfile - INFO - TemporaryDirectory.cleanup() worked.
2025-09-07 12:45:49,655 - choreographer.utils._tmpfile - INFO - shutil.rmtree worked.
2025-09-07 12:45:49,655 - kaleido.kaleido - INFO - Cancelling tasks.
2025-09-07 12:45:49,655 - kaleido.kaleido - INFO - Exiting Kaleido/Choreo
2025-09-07 12:45:49,655 - choreographer.browser_async - INFO - Closing browser.
2025-09-07 12:45:49,767 - choreographer.utils._tmpfile - INFO - TemporaryDirectory.cleanup() worked.
2025-09-07 12:45:49,767 - choreographer.utils._tmpfile - INFO - shutil.rmtree worked.
2025-09-07 12:45:49,770 - choreographer.utils._tmpfile - INFO - TemporaryDirectory.cleanup() worked.
2025-09-07 12:45:49,770 - choreographer.utils._tmpfile - INFO - shutil.rmtree worked.
2025-09-07 12:45:49,782 - choreographer.browsers.chromium - INFO - Chromium init'ed with kwargs {}
2025-09-07 12:45:49,783 - choreographer.browsers.chromium - INFO - Found chromium path: C:\Program Files\Google\Chrome\Application\chrome.exe
2025-09-07 12:45:49,783 - choreographer.utils._tmpfile - INFO - Temp directory created: C:\Users\mezen\AppData\Local\Temp\tmp73o3diok.
2025-09-07 12:45:49,784 - choreographer.browser_async - INFO - Opening browser.
2025-09-07 12:45:49,784 - choreographer.utils._tmpfile - INFO - Temp directory created: C:\Users\mezen\AppData\Local\Temp\tmpaovm6pr3.
2025-09-07 12:45:49,784 - choreographer.browsers.chromium - INFO - Temporary directory at: C:\Users\mezen\AppData\Local\Temp\tmpaovm6pr3
2025-09-07 12:45:49,944 - kaleido.kaleido - INFO - Conforming 1 to file:///C:/Users/mezen/AppData/Local/Temp/tmp73o3diok/index.html
2025-09-07 12:45:49,944 - kaleido.kaleido - INFO - Waiting on all navigates
2025-09-07 12:45:50,547 - kaleido.kaleido - INFO - All navigates done, putting them all in queue.
2025-09-07 12:45:50,548 - kaleido.kaleido - INFO - Getting tab from queue (has 1)
2025-09-07 12:45:50,548 - kaleido.kaleido - INFO - Got 57C0
2025-09-07 12:45:50,548 - kaleido._kaleido_tab - INFO - Processing Distribuio_por_Tipo_de_Resduo.png
2025-09-07 12:45:50,548 - kaleido._kaleido_tab - INFO - Sending big command for Distribuio_por_Tipo_de_Resduo.png.
2025-09-07 12:45:50,589 - kaleido._kaleido_tab - INFO - Sent big command for Distribuio_por_Tipo_de_Resduo.png.
2025-09-07 12:45:50,589 - kaleido.kaleido - INFO - Reloading tab 57C0 before return.
2025-09-07 12:45:50,654 - kaleido.kaleido - INFO - Putting tab 57C0 back (queue size: 0).
2025-09-07 12:45:50,654 - kaleido.kaleido - INFO - Waiting for all cleanups to finish.
2025-09-07 12:45:50,654 - kaleido.kaleido - INFO - Exiting Kaleido
2025-09-07 12:45:50,655 - choreographer.utils._tmpfile - INFO - TemporaryDirectory.cleanup() worked.
2025-09-07 12:45:50,655 - choreographer.utils._tmpfile - INFO - shutil.rmtree worked.
2025-09-07 12:45:50,655 - kaleido.kaleido - INFO - Cancelling tasks.
2025-09-07 12:45:50,655 - kaleido.kaleido - INFO - Exiting Kaleido/Choreo
2025-09-07 12:45:50,655 - choreographer.browser_async - INFO - Closing browser.
2025-09-07 12:45:50,656 - choreographer.utils._tmpfile - INFO - TemporaryDirectory.cleanup() worked.
2025-09-07 12:45:50,656 - choreographer.utils._tmpfile - INFO - shutil.rmtree worked.
2025-09-07 12:45:50,656 - kaleido.kaleido - INFO - Cancelling tasks.
2025-09-07 12:45:50,657 - kaleido.kaleido - INFO - Exiting Kaleido/Choreo
2025-09-07 12:45:50,657 - choreographer.browser_async - INFO - Closing browser.
2025-09-07 12:45:50,765 - choreographer.utils._tmpfile - INFO - TemporaryDirectory.cleanup() worked.
2025-09-07 12:45:50,765 - choreographer.utils._tmpfile - INFO - shutil.rmtree worked.
2025-09-07 12:45:50,775 - choreographer.utils._tmpfile - INFO - TemporaryDirectory.cleanup() worked.
2025-09-07 12:45:50,775 - choreographer.utils._tmpfile - INFO - shutil.rmtree worked.
2025-09-07 12:45:51,025 - choreographer.utils._tmpfile - INFO - TemporaryDirectory.cleanup() worked.
2025-09-07 12:45:51,026 - choreographer.utils._tmpfile - INFO - shutil.rmtree worked.
2025-09-07 12:45:52,400 - __main__ - INFO - Database initialized with advanced schema
2025-09-07 12:45:52,547 - choreographer.browsers.chromium - INFO - Chromium init'ed with kwargs {}
2025-09-07 12:45:52,547 - choreographer.browsers.chromium - INFO - Found chromium path: C:\Program Files\Google\Chrome\Application\chrome.exe
2025-09-07 12:45:52,548 - choreographer.utils._tmpfile - INFO - Temp directory created: C:\Users\mezen\AppData\Local\Temp\tmpuughf30v.
2025-09-07 12:45:52,548 - choreographer.browser_async - INFO - Opening browser.
2025-09-07 12:45:52,550 - choreographer.utils._tmpfile - INFO - Temp directory created: C:\Users\mezen\AppData\Local\Temp\tmphk855j0r.
2025-09-07 12:45:52,550 - choreographer.browsers.chromium - INFO - Temporary directory at: C:\Users\mezen\AppData\Local\Temp\tmphk855j0r
2025-09-07 12:45:52,722 - kaleido.kaleido - INFO - Conforming 1 to file:///C:/Users/mezen/AppData/Local/Temp/tmpuughf30v/index.html
2025-09-07 12:45:52,722 - kaleido.kaleido - INFO - Waiting on all navigates
2025-09-07 12:45:53,317 - kaleido.kaleido - INFO - All navigates done, putting them all in queue.
2025-09-07 12:45:53,318 - kaleido.kaleido - INFO - Getting tab from queue (has 1)
2025-09-07 12:45:53,318 - kaleido.kaleido - INFO - Got 428F
2025-09-07 12:45:53,318 - kaleido._kaleido_tab - INFO - Processing Evoluo_dos_Resduos_por_Semana.png
2025-09-07 12:45:53,318 - kaleido._kaleido_tab - INFO - Sending big command for Evoluo_dos_Resduos_por_Semana.png.
2025-09-07 12:45:53,378 - kaleido._kaleido_tab - INFO - Sent big command for Evoluo_dos_Resduos_por_Semana.png.
2025-09-07 12:45:53,379 - kaleido.kaleido - INFO - Reloading tab 428F before return.
2025-09-07 12:45:53,443 - kaleido.kaleido - INFO - Putting tab 428F back (queue size: 0).
2025-09-07 12:45:53,444 - kaleido.kaleido - INFO - Waiting for all cleanups to finish.
2025-09-07 12:45:53,444 - kaleido.kaleido - INFO - Exiting Kaleido
2025-09-07 12:45:53,444 - choreographer.utils._tmpfile - INFO - TemporaryDirectory.cleanup() worked.
2025-09-07 12:45:53,445 - choreographer.utils._tmpfile - INFO - shutil.rmtree worked.
2025-09-07 12:45:53,445 - kaleido.kaleido - INFO - Cancelling tasks.
2025-09-07 12:45:53,445 - kaleido.kaleido - INFO - Exiting Kaleido/Choreo
2025-09-07 12:45:53,445 - choreographer.browser_async - INFO - Closing browser.
2025-09-07 12:45:53,446 - choreographer.utils._tmpfile - INFO - TemporaryDirectory.cleanup() worked.
2025-09-07 12:45:53,446 - choreographer.utils._tmpfile - INFO - shutil.rmtree worked.
2025-09-07 12:45:53,446 - kaleido.kaleido - INFO - Cancelling tasks.
2025-09-07 12:45:53,447 - kaleido.kaleido - INFO - Exiting Kaleido/Choreo
2025-09-07 12:45:53,447 - choreographer.browser_async - INFO - Closing browser.
2025-09-07 12:45:53,541 - choreographer.utils._tmpfile - INFO - TemporaryDirectory.cleanup() worked.
2025-09-07 12:45:53,542 - choreographer.utils._tmpfile - INFO - shutil.rmtree worked.
2025-09-07 12:45:53,545 - choreographer.utils._tmpfile - INFO - TemporaryDirectory.cleanup() worked.
2025-09-07 12:45:53,545 - choreographer.utils._tmpfile - INFO - shutil.rmtree worked.
2025-09-07 12:45:53,561 - choreographer.browsers.chromium - INFO - Chromium init'ed with kwargs {}
2025-09-07 12:45:53,561 - choreographer.browsers.chromium - INFO - Found chromium path: C:\Program Files\Google\Chrome\Application\chrome.exe
2025-09-07 12:45:53,562 - choreographer.utils._tmpfile - INFO - Temp directory created: C:\Users\mezen\AppData\Local\Temp\tmpmog_t96k.
2025-09-07 12:45:53,562 - choreographer.browser_async - INFO - Opening browser.
2025-09-07 12:45:53,563 - choreographer.utils._tmpfile - INFO - Temp directory created: C:\Users\mezen\AppData\Local\Temp\tmpfkp9kdlm.
2025-09-07 12:45:53,563 - choreographer.browsers.chromium - INFO - Temporary directory at: C:\Users\mezen\AppData\Local\Temp\tmpfkp9kdlm
2025-09-07 12:45:53,714 - kaleido.kaleido - INFO - Conforming 1 to file:///C:/Users/mezen/AppData/Local/Temp/tmpmog_t96k/index.html
2025-09-07 12:45:53,714 - kaleido.kaleido - INFO - Waiting on all navigates
2025-09-07 12:45:54,074 - kaleido.kaleido - INFO - All navigates done, putting them all in queue.
2025-09-07 12:45:54,074 - kaleido.kaleido - INFO - Getting tab from queue (has 1)
2025-09-07 12:45:54,074 - kaleido.kaleido - INFO - Got 08DB
2025-09-07 12:45:54,074 - kaleido._kaleido_tab - INFO - Processing Top_10_Apartamentos___Volume_Total.png
2025-09-07 12:45:54,074 - kaleido._kaleido_tab - INFO - Sending big command for Top_10_Apartamentos___Volume_Total.png.
2025-09-07 12:45:54,130 - kaleido._kaleido_tab - INFO - Sent big command for Top_10_Apartamentos___Volume_Total.png.
2025-09-07 12:45:54,131 - kaleido.kaleido - INFO - Reloading tab 08DB before return.
2025-09-07 12:45:54,442 - kaleido.kaleido - INFO - Putting tab 08DB back (queue size: 0).
2025-09-07 12:45:54,443 - kaleido.kaleido - INFO - Waiting for all cleanups to finish.
2025-09-07 12:45:54,443 - kaleido.kaleido - INFO - Exiting Kaleido
2025-09-07 12:45:54,443 - choreographer.utils._tmpfile - INFO - TemporaryDirectory.cleanup() worked.
2025-09-07 12:45:54,444 - choreographer.utils._tmpfile - INFO - shutil.rmtree worked.
2025-09-07 12:45:54,444 - kaleido.kaleido - INFO - Cancelling tasks.
2025-09-07 12:45:54,444 - kaleido.kaleido - INFO - Exiting Kaleido/Choreo
2025-09-07 12:45:54,444 - choreographer.browser_async - INFO - Closing browser.
2025-09-07 12:45:54,445 - choreographer.utils._tmpfile - INFO - TemporaryDirectory.cleanup() worked.
2025-09-07 12:45:54,445 - choreographer.utils._tmpfile - INFO - shutil.rmtree worked.
2025-09-07 12:45:54,446 - kaleido.kaleido - INFO - Cancelling tasks.
2025-09-07 12:45:54,446 - kaleido.kaleido - INFO - Exiting Kaleido/Choreo
2025-09-07 12:45:54,446 - choreographer.browser_async - INFO - Closing browser.
2025-09-07 12:45:54,579 - choreographer.utils._tmpfile - INFO - TemporaryDirectory.cleanup() worked.
2025-09-07 12:45:54,579 - choreographer.utils._tmpfile - INFO - shutil.rmtree worked.
2025-09-07 12:45:54,582 - choreographer.utils._tmpfile - INFO - TemporaryDirectory.cleanup() worked.
2025-09-07 12:45:54,582 - choreographer.utils._tmpfile - INFO - shutil.rmtree worked.
2025-09-07 12:45:54,598 - choreographer.browsers.chromium - INFO - Chromium init'ed with kwargs {}
2025-09-07 12:45:54,598 - choreographer.browsers.chromium - INFO - Found chromium path: C:\Program Files\Google\Chrome\Application\chrome.exe
2025-09-07 12:45:54,599 - choreographer.utils._tmpfile - INFO - Temp directory created: C:\Users\mezen\AppData\Local\Temp\tmpw5n7brze.
2025-09-07 12:45:54,599 - choreographer.browser_async - INFO - Opening browser.
2025-09-07 12:45:54,600 - choreographer.utils._tmpfile - INFO - Temp directory created: C:\Users\mezen\AppData\Local\Temp\tmpwfr23ek4.
2025-09-07 12:45:54,600 - choreographer.browsers.chromium - INFO - Temporary directory at: C:\Users\mezen\AppData\Local\Temp\tmpwfr23ek4
2025-09-07 12:45:54,775 - kaleido.kaleido - INFO - Conforming 1 to file:///C:/Users/mezen/AppData/Local/Temp/tmpw5n7brze/index.html
2025-09-07 12:45:54,776 - kaleido.kaleido - INFO - Waiting on all navigates
2025-09-07 12:45:55,372 - kaleido.kaleido - INFO - All navigates done, putting them all in queue.
2025-09-07 12:45:55,373 - kaleido.kaleido - INFO - Getting tab from queue (has 1)
2025-09-07 12:45:55,373 - kaleido.kaleido - INFO - Got 5C61
2025-09-07 12:45:55,373 - kaleido._kaleido_tab - INFO - Processing Distribuio_por_Tipo_de_Resduo.png
2025-09-07 12:45:55,373 - kaleido._kaleido_tab - INFO - Sending big command for Distribuio_por_Tipo_de_Resduo.png.
2025-09-07 12:45:55,414 - kaleido._kaleido_tab - INFO - Sent big command for Distribuio_por_Tipo_de_Resduo.png.
2025-09-07 12:45:55,414 - kaleido.kaleido - INFO - Reloading tab 5C61 before return.
2025-09-07 12:45:55,478 - kaleido.kaleido - INFO - Putting tab 5C61 back (queue size: 0).
2025-09-07 12:45:55,478 - kaleido.kaleido - INFO - Waiting for all cleanups to finish.
2025-09-07 12:45:55,478 - kaleido.kaleido - INFO - Exiting Kaleido
2025-09-07 12:45:55,479 - choreographer.utils._tmpfile - INFO - TemporaryDirectory.cleanup() worked.
2025-09-07 12:45:55,479 - choreographer.utils._tmpfile - INFO - shutil.rmtree worked.
2025-09-07 12:45:55,479 - kaleido.kaleido - INFO - Cancelling tasks.
2025-09-07 12:45:55,479 - kaleido.kaleido - INFO - Exiting Kaleido/Choreo
2025-09-07 12:45:55,479 - choreographer.browser_async - INFO - Closing browser.
2025-09-07 12:45:55,480 - choreographer.utils._tmpfile - INFO - TemporaryDirectory.cleanup() worked.
2025-09-07 12:45:55,480 - choreographer.utils._tmpfile - INFO - shutil.rmtree worked.
2025-09-07 12:45:55,481 - kaleido.kaleido - INFO - Cancelling tasks.
2025-09-07 12:45:55,481 - kaleido.kaleido - INFO - Exiting Kaleido/Choreo
2025-09-07 12:45:55,481 - choreographer.browser_async - INFO - Closing browser.
2025-09-07 12:45:55,618 - choreographer.utils._tmpfile - INFO - TemporaryDirectory.cleanup() worked.
2025-09-07 12:45:55,618 - choreographer.utils._tmpfile - INFO - shutil.rmtree worked.
2025-09-07 12:45:55,867 - choreographer.utils._tmpfile - INFO - TemporaryDirectory.cleanup() worked.
2025-09-07 12:45:55,868 - choreographer.utils._tmpfile - INFO - shutil.rmtree worked.
2025-09-07 12:50:12,554 - __main__ - INFO - Database initialized with advanced schema
2025-09-07 12:50:52,200 - __main__ - INFO - Database initialized with advanced schema
2025-09-07 12:50:52,217 - __main__ - INFO - Measurement saved: 402 - Week 36
2025-09-07 12:50:52,343 - __main__ - CRITICAL - Critical system error:
Traceback (most recent call last):
  File "C:\Users\mezen\ecocondominio-pro\ecocondominio_pro.py", line 1294, in <module>
    main()
  File "C:\Users\mezen\ecocondominio-pro\ecocondominio_pro.py", line 1270, in main
    view_advanced_dashboard(db_manager)
  File "C:\Users\mezen\ecocondominio-pro\ecocondominio_pro.py", line 1168, in view_advanced_dashboard
    ranking_data['score'] = Utils.calculate_sustainability_score(df.groupby('apartment').apply(lambda x: x).reset_index()) # Approximate score
                                                                 ^^^^^^^^^^^^^^^^^^^^^^^^^^^^^^^^^^^^^^^^^^^^^^^^^^^^^^^^
  File "C:\Users\mezen\AppData\Local\Programs\Python\Python312\Lib\site-packages\pandas\core\frame.py", line 6479, in reset_index
    new_obj.insert(
  File "C:\Users\mezen\AppData\Local\Programs\Python\Python312\Lib\site-packages\pandas\core\frame.py", line 5165, in insert
    raise ValueError(f"cannot insert {column}, already exists")
ValueError: cannot insert apartment, already exists
2025-09-07 12:51:11,181 - __main__ - INFO - Database initialized with advanced schema
2025-09-07 12:51:11,197 - __main__ - INFO - Measurement saved: 104 - Week 36
2025-09-07 12:51:11,232 - __main__ - CRITICAL - Critical system error:
Traceback (most recent call last):
  File "C:\Users\mezen\ecocondominio-pro\ecocondominio_pro.py", line 1294, in <module>
    main()
  File "C:\Users\mezen\ecocondominio-pro\ecocondominio_pro.py", line 1270, in main
    view_advanced_dashboard(db_manager)
  File "C:\Users\mezen\ecocondominio-pro\ecocondominio_pro.py", line 1168, in view_advanced_dashboard
    ranking_data['score'] = Utils.calculate_sustainability_score(df.groupby('apartment').apply(lambda x: x).reset_index()) # Approximate score
                                                                 ^^^^^^^^^^^^^^^^^^^^^^^^^^^^^^^^^^^^^^^^^^^^^^^^^^^^^^^^
  File "C:\Users\mezen\AppData\Local\Programs\Python\Python312\Lib\site-packages\pandas\core\frame.py", line 6479, in reset_index
    new_obj.insert(
  File "C:\Users\mezen\AppData\Local\Programs\Python\Python312\Lib\site-packages\pandas\core\frame.py", line 5165, in insert
    raise ValueError(f"cannot insert {column}, already exists")
ValueError: cannot insert apartment, already exists
2025-09-07 12:51:35,882 - __main__ - INFO - Database initialized with advanced schema
2025-09-07 12:51:35,900 - __main__ - INFO - Measurement saved: 202 - Week 36
2025-09-07 12:51:35,935 - __main__ - CRITICAL - Critical system error:
Traceback (most recent call last):
  File "C:\Users\mezen\ecocondominio-pro\ecocondominio_pro.py", line 1294, in <module>
    main()
  File "C:\Users\mezen\ecocondominio-pro\ecocondominio_pro.py", line 1270, in main
    view_advanced_dashboard(db_manager)
  File "C:\Users\mezen\ecocondominio-pro\ecocondominio_pro.py", line 1168, in view_advanced_dashboard
    ranking_data['score'] = Utils.calculate_sustainability_score(df.groupby('apartment').apply(lambda x: x).reset_index()) # Approximate score
                                                                 ^^^^^^^^^^^^^^^^^^^^^^^^^^^^^^^^^^^^^^^^^^^^^^^^^^^^^^^^
  File "C:\Users\mezen\AppData\Local\Programs\Python\Python312\Lib\site-packages\pandas\core\frame.py", line 6479, in reset_index
    new_obj.insert(
  File "C:\Users\mezen\AppData\Local\Programs\Python\Python312\Lib\site-packages\pandas\core\frame.py", line 5165, in insert
    raise ValueError(f"cannot insert {column}, already exists")
ValueError: cannot insert apartment, already exists
2025-09-07 12:54:43,151 - choreographer.browsers.chromium - INFO - Chromium init'ed with kwargs {}
2025-09-07 12:54:43,152 - choreographer.browsers.chromium - INFO - Found chromium path: C:\Program Files\Google\Chrome\Application\chrome.exe
2025-09-07 12:54:43,152 - choreographer.utils._tmpfile - INFO - Temp directory created: C:\Users\mezen\AppData\Local\Temp\tmpzfmm9b7v.
2025-09-07 12:54:43,153 - choreographer.browser_async - INFO - Opening browser.
2025-09-07 12:54:43,153 - choreographer.utils._tmpfile - INFO - Temp directory created: C:\Users\mezen\AppData\Local\Temp\tmp4_xt5wok.
2025-09-07 12:54:43,153 - choreographer.browsers.chromium - INFO - Temporary directory at: C:\Users\mezen\AppData\Local\Temp\tmp4_xt5wok
2025-09-07 12:54:43,314 - kaleido.kaleido - INFO - Conforming 1 to file:///C:/Users/mezen/AppData/Local/Temp/tmpzfmm9b7v/index.html
2025-09-07 12:54:43,314 - kaleido.kaleido - INFO - Waiting on all navigates
2025-09-07 12:54:43,902 - kaleido.kaleido - INFO - All navigates done, putting them all in queue.
2025-09-07 12:54:43,903 - kaleido.kaleido - INFO - Getting tab from queue (has 1)
2025-09-07 12:54:43,903 - kaleido.kaleido - INFO - Got 66F8
2025-09-07 12:54:43,903 - kaleido._kaleido_tab - INFO - Processing Evoluo_dos_Resduos_por_Semana.png
2025-09-07 12:54:43,903 - kaleido._kaleido_tab - INFO - Sending big command for Evoluo_dos_Resduos_por_Semana.png.
2025-09-07 12:54:43,971 - kaleido._kaleido_tab - INFO - Sent big command for Evoluo_dos_Resduos_por_Semana.png.
2025-09-07 12:54:43,971 - kaleido.kaleido - INFO - Reloading tab 66F8 before return.
2025-09-07 12:54:44,039 - kaleido.kaleido - INFO - Putting tab 66F8 back (queue size: 0).
2025-09-07 12:54:44,039 - kaleido.kaleido - INFO - Waiting for all cleanups to finish.
2025-09-07 12:54:44,039 - kaleido.kaleido - INFO - Exiting Kaleido
2025-09-07 12:54:44,039 - choreographer.utils._tmpfile - INFO - TemporaryDirectory.cleanup() worked.
2025-09-07 12:54:44,040 - choreographer.utils._tmpfile - INFO - shutil.rmtree worked.
2025-09-07 12:54:44,040 - kaleido.kaleido - INFO - Cancelling tasks.
2025-09-07 12:54:44,040 - kaleido.kaleido - INFO - Exiting Kaleido/Choreo
2025-09-07 12:54:44,040 - choreographer.browser_async - INFO - Closing browser.
2025-09-07 12:54:44,041 - choreographer.utils._tmpfile - INFO - TemporaryDirectory.cleanup() worked.
2025-09-07 12:54:44,041 - choreographer.utils._tmpfile - INFO - shutil.rmtree worked.
2025-09-07 12:54:44,041 - kaleido.kaleido - INFO - Cancelling tasks.
2025-09-07 12:54:44,041 - kaleido.kaleido - INFO - Exiting Kaleido/Choreo
2025-09-07 12:54:44,041 - choreographer.browser_async - INFO - Closing browser.
2025-09-07 12:54:44,136 - choreographer.utils._tmpfile - INFO - TemporaryDirectory.cleanup() worked.
2025-09-07 12:54:44,137 - choreographer.utils._tmpfile - INFO - shutil.rmtree worked.
2025-09-07 12:54:44,287 - choreographer.utils._tmpfile - INFO - TemporaryDirectory.cleanup() worked.
2025-09-07 12:54:44,288 - choreographer.utils._tmpfile - INFO - shutil.rmtree worked.
2025-09-07 12:57:21,454 - __main__ - INFO - Measurement saved/replaced for: 404 - Week 1
2025-09-07 12:57:42,569 - __main__ - INFO - Measurement saved/replaced for: 102 - Week 1
2025-09-07 12:57:59,567 - __main__ - INFO - Measurement saved/replaced for: 402 - Week 1
2025-09-07 13:02:08,912 - __main__ - CRITICAL - Critical system error:
Traceback (most recent call last):
  File "C:\Users\mezen\ecocondominio-pro\ecocondominio_pro77.py", line 359, in <module>
    main()
  File "C:\Users\mezen\ecocondominio-pro\ecocondominio_pro77.py", line 355, in main
    view_enterprise_reports(db_manager)
  File "C:\Users\mezen\ecocondominio-pro\ecocondominio_pro77.py", line 334, in view_enterprise_reports
    pdf_data = report_gen.generate_professional_pdf()
               ^^^^^^^^^^^^^^^^^^^^^^^^^^^^^^^^^^^^^^
  File "C:\Users\mezen\ecocondominio-pro\ecocondominio_pro77.py", line 215, in generate_professional_pdf
    return pdf.output(dest='S').encode('latin-1')
           ^^^^^^^^^^^^^^^^^^^^^^^^^^^
AttributeError: 'bytearray' object has no attribute 'encode'. Did you mean: 'decode'?
2025-09-07 13:05:45,354 - ERROR - Error loading measurements: Execution failed on sql 'SELECT * FROM measurements AND reference_date BETWEEN ? AND ?': near "AND": syntax error
2025-09-07 13:08:32,247 - choreographer.browsers.chromium - INFO - Chromium init'ed with kwargs {}
2025-09-07 13:08:32,248 - choreographer.browsers.chromium - INFO - Found chromium path: C:\Program Files\Google\Chrome\Application\chrome.exe
2025-09-07 13:08:32,248 - choreographer.utils._tmpfile - INFO - Temp directory created: C:\Users\mezen\AppData\Local\Temp\tmpijcf8wl6.
2025-09-07 13:08:32,248 - choreographer.browser_async - INFO - Opening browser.
2025-09-07 13:08:32,249 - choreographer.utils._tmpfile - INFO - Temp directory created: C:\Users\mezen\AppData\Local\Temp\tmpy4q2ri03.
2025-09-07 13:08:32,249 - choreographer.browsers.chromium - INFO - Temporary directory at: C:\Users\mezen\AppData\Local\Temp\tmpy4q2ri03
2025-09-07 13:08:32,404 - kaleido.kaleido - INFO - Conforming 1 to file:///C:/Users/mezen/AppData/Local/Temp/tmpijcf8wl6/index.html
2025-09-07 13:08:32,405 - kaleido.kaleido - INFO - Waiting on all navigates
2025-09-07 13:08:33,012 - kaleido.kaleido - INFO - All navigates done, putting them all in queue.
2025-09-07 13:08:33,013 - kaleido.kaleido - INFO - Getting tab from queue (has 1)
2025-09-07 13:08:33,013 - kaleido.kaleido - INFO - Got 218D
2025-09-07 13:08:33,013 - kaleido._kaleido_tab - INFO - Processing Evoluo_dos_Resduos_por_Semana.png
2025-09-07 13:08:33,014 - kaleido._kaleido_tab - INFO - Sending big command for Evoluo_dos_Resduos_por_Semana.png.
2025-09-07 13:08:33,079 - kaleido._kaleido_tab - INFO - Sent big command for Evoluo_dos_Resduos_por_Semana.png.
2025-09-07 13:08:33,080 - kaleido.kaleido - INFO - Reloading tab 218D before return.
2025-09-07 13:08:33,148 - kaleido.kaleido - INFO - Putting tab 218D back (queue size: 0).
2025-09-07 13:08:33,149 - kaleido.kaleido - INFO - Waiting for all cleanups to finish.
2025-09-07 13:08:33,149 - kaleido.kaleido - INFO - Exiting Kaleido
2025-09-07 13:08:33,149 - choreographer.utils._tmpfile - INFO - TemporaryDirectory.cleanup() worked.
2025-09-07 13:08:33,150 - choreographer.utils._tmpfile - INFO - shutil.rmtree worked.
2025-09-07 13:08:33,150 - kaleido.kaleido - INFO - Cancelling tasks.
2025-09-07 13:08:33,150 - kaleido.kaleido - INFO - Exiting Kaleido/Choreo
2025-09-07 13:08:33,150 - choreographer.browser_async - INFO - Closing browser.
2025-09-07 13:08:33,150 - choreographer.utils._tmpfile - INFO - TemporaryDirectory.cleanup() worked.
2025-09-07 13:08:33,151 - choreographer.utils._tmpfile - INFO - shutil.rmtree worked.
2025-09-07 13:08:33,151 - kaleido.kaleido - INFO - Cancelling tasks.
2025-09-07 13:08:33,151 - kaleido.kaleido - INFO - Exiting Kaleido/Choreo
2025-09-07 13:08:33,151 - choreographer.browser_async - INFO - Closing browser.
2025-09-07 13:08:33,241 - choreographer.utils._tmpfile - INFO - TemporaryDirectory.cleanup() worked.
2025-09-07 13:08:33,241 - choreographer.utils._tmpfile - INFO - shutil.rmtree worked.
2025-09-07 13:08:33,394 - choreographer.utils._tmpfile - INFO - TemporaryDirectory.cleanup() worked.
2025-09-07 13:08:33,395 - choreographer.utils._tmpfile - INFO - shutil.rmtree worked.
2025-09-07 13:10:53,284 - ERROR - Error loading measurements: Execution failed on sql 'SELECT * FROM measurements AND reference_date BETWEEN ? AND ?': near "AND": syntax error
2025-09-07 13:11:57,364 - ERROR - Error loading measurements: Execution failed on sql 'SELECT * FROM measurements AND reference_date BETWEEN ? AND ?': near "AND": syntax error
2025-09-07 13:14:34,652 - ERROR - Error loading measurements: Execution failed on sql 'SELECT * FROM measurements AND reference_date BETWEEN ? AND ?': near "AND": syntax error
2025-09-07 13:14:40,314 - ERROR - Error loading measurements: Execution failed on sql 'SELECT * FROM measurements AND reference_date BETWEEN ? AND ?': near "AND": syntax error
2025-09-07 13:14:43,472 - ERROR - Error loading measurements: Execution failed on sql 'SELECT * FROM measurements AND reference_date BETWEEN ? AND ?': near "AND": syntax error
2025-09-07 13:14:55,804 - ERROR - Error loading measurements: Execution failed on sql 'SELECT * FROM measurements AND reference_date BETWEEN ? AND ?': near "AND": syntax error
2025-09-07 13:15:05,606 - ERROR - Error loading measurements: Execution failed on sql 'SELECT * FROM measurements AND reference_date BETWEEN ? AND ?': near "AND": syntax error
2025-09-07 13:15:12,978 - ERROR - Error loading measurements: Execution failed on sql 'SELECT * FROM measurements AND reference_date BETWEEN ? AND ?': near "AND": syntax error
2025-09-07 13:16:31,440 - choreographer.browsers.chromium - INFO - Chromium init'ed with kwargs {}
2025-09-07 13:16:31,440 - choreographer.browsers.chromium - INFO - Found chromium path: C:\Program Files\Google\Chrome\Application\chrome.exe
2025-09-07 13:16:31,440 - choreographer.utils._tmpfile - INFO - Temp directory created: C:\Users\mezen\AppData\Local\Temp\tmpt85cbahl.
2025-09-07 13:16:31,441 - choreographer.browser_async - INFO - Opening browser.
2025-09-07 13:16:31,441 - choreographer.utils._tmpfile - INFO - Temp directory created: C:\Users\mezen\AppData\Local\Temp\tmpfn1dbthv.
2025-09-07 13:16:31,441 - choreographer.browsers.chromium - INFO - Temporary directory at: C:\Users\mezen\AppData\Local\Temp\tmpfn1dbthv
2025-09-07 13:16:31,594 - kaleido.kaleido - INFO - Conforming 1 to file:///C:/Users/mezen/AppData/Local/Temp/tmpt85cbahl/index.html
2025-09-07 13:16:31,595 - kaleido.kaleido - INFO - Waiting on all navigates
2025-09-07 13:16:32,198 - kaleido.kaleido - INFO - All navigates done, putting them all in queue.
2025-09-07 13:16:32,199 - kaleido.kaleido - INFO - Getting tab from queue (has 1)
2025-09-07 13:16:32,199 - kaleido.kaleido - INFO - Got B8E5
2025-09-07 13:16:32,199 - kaleido._kaleido_tab - INFO - Processing Evoluo_dos_Resduos_por_Semana.png
2025-09-07 13:16:32,199 - kaleido._kaleido_tab - INFO - Sending big command for Evoluo_dos_Resduos_por_Semana.png.
2025-09-07 13:16:32,271 - kaleido._kaleido_tab - INFO - Sent big command for Evoluo_dos_Resduos_por_Semana.png.
2025-09-07 13:16:32,271 - kaleido.kaleido - INFO - Reloading tab B8E5 before return.
2025-09-07 13:16:32,336 - kaleido.kaleido - INFO - Putting tab B8E5 back (queue size: 0).
2025-09-07 13:16:32,336 - kaleido.kaleido - INFO - Waiting for all cleanups to finish.
2025-09-07 13:16:32,336 - kaleido.kaleido - INFO - Exiting Kaleido
2025-09-07 13:16:32,337 - choreographer.utils._tmpfile - INFO - TemporaryDirectory.cleanup() worked.
2025-09-07 13:16:32,337 - choreographer.utils._tmpfile - INFO - shutil.rmtree worked.
2025-09-07 13:16:32,337 - kaleido.kaleido - INFO - Cancelling tasks.
2025-09-07 13:16:32,337 - kaleido.kaleido - INFO - Exiting Kaleido/Choreo
2025-09-07 13:16:32,337 - choreographer.browser_async - INFO - Closing browser.
2025-09-07 13:16:32,338 - choreographer.utils._tmpfile - INFO - TemporaryDirectory.cleanup() worked.
2025-09-07 13:16:32,338 - choreographer.utils._tmpfile - INFO - shutil.rmtree worked.
2025-09-07 13:16:32,338 - kaleido.kaleido - INFO - Cancelling tasks.
2025-09-07 13:16:32,338 - kaleido.kaleido - INFO - Exiting Kaleido/Choreo
2025-09-07 13:16:32,338 - choreographer.browser_async - INFO - Closing browser.
2025-09-07 13:16:32,454 - choreographer.utils._tmpfile - INFO - TemporaryDirectory.cleanup() worked.
2025-09-07 13:16:32,454 - choreographer.utils._tmpfile - INFO - shutil.rmtree worked.
2025-09-07 13:16:32,604 - choreographer.utils._tmpfile - INFO - TemporaryDirectory.cleanup() worked.
2025-09-07 13:16:32,605 - choreographer.utils._tmpfile - INFO - shutil.rmtree worked.
2025-09-07 13:56:18,685 - choreographer.browsers.chromium - INFO - Chromium init'ed with kwargs {}
2025-09-07 13:56:18,685 - choreographer.browsers.chromium - INFO - Found chromium path: C:\Program Files\Google\Chrome\Application\chrome.exe
2025-09-07 13:56:18,685 - choreographer.utils._tmpfile - INFO - Temp directory created: C:\Users\mezen\AppData\Local\Temp\tmpzb1c23ok.
2025-09-07 13:56:18,686 - choreographer.browser_async - INFO - Opening browser.
2025-09-07 13:56:18,686 - choreographer.utils._tmpfile - INFO - Temp directory created: C:\Users\mezen\AppData\Local\Temp\tmpz60mq2qp.
2025-09-07 13:56:18,687 - choreographer.browsers.chromium - INFO - Temporary directory at: C:\Users\mezen\AppData\Local\Temp\tmpz60mq2qp
2025-09-07 13:56:18,854 - kaleido.kaleido - INFO - Conforming 1 to file:///C:/Users/mezen/AppData/Local/Temp/tmpzb1c23ok/index.html
2025-09-07 13:56:18,854 - kaleido.kaleido - INFO - Waiting on all navigates
2025-09-07 13:56:19,447 - kaleido.kaleido - INFO - All navigates done, putting them all in queue.
2025-09-07 13:56:19,448 - kaleido.kaleido - INFO - Getting tab from queue (has 1)
2025-09-07 13:56:19,448 - kaleido.kaleido - INFO - Got 90EE
2025-09-07 13:56:19,448 - kaleido._kaleido_tab - INFO - Processing Evoluo_dos_Resduos_por_Semana.png
2025-09-07 13:56:19,448 - kaleido._kaleido_tab - INFO - Sending big command for Evoluo_dos_Resduos_por_Semana.png.
2025-09-07 13:56:19,513 - kaleido._kaleido_tab - INFO - Sent big command for Evoluo_dos_Resduos_por_Semana.png.
2025-09-07 13:56:19,514 - kaleido.kaleido - INFO - Reloading tab 90EE before return.
2025-09-07 13:56:19,580 - kaleido.kaleido - INFO - Putting tab 90EE back (queue size: 0).
2025-09-07 13:56:19,580 - kaleido.kaleido - INFO - Waiting for all cleanups to finish.
2025-09-07 13:56:19,580 - kaleido.kaleido - INFO - Exiting Kaleido
2025-09-07 13:56:19,581 - choreographer.utils._tmpfile - INFO - TemporaryDirectory.cleanup() worked.
2025-09-07 13:56:19,581 - choreographer.utils._tmpfile - INFO - shutil.rmtree worked.
2025-09-07 13:56:19,581 - kaleido.kaleido - INFO - Cancelling tasks.
2025-09-07 13:56:19,581 - kaleido.kaleido - INFO - Exiting Kaleido/Choreo
2025-09-07 13:56:19,581 - choreographer.browser_async - INFO - Closing browser.
2025-09-07 13:56:19,582 - choreographer.utils._tmpfile - INFO - TemporaryDirectory.cleanup() worked.
2025-09-07 13:56:19,583 - choreographer.utils._tmpfile - INFO - shutil.rmtree worked.
2025-09-07 13:56:19,583 - kaleido.kaleido - INFO - Cancelling tasks.
2025-09-07 13:56:19,583 - kaleido.kaleido - INFO - Exiting Kaleido/Choreo
2025-09-07 13:56:19,583 - choreographer.browser_async - INFO - Closing browser.
2025-09-07 13:56:19,679 - choreographer.utils._tmpfile - INFO - TemporaryDirectory.cleanup() worked.
2025-09-07 13:56:19,679 - choreographer.utils._tmpfile - INFO - shutil.rmtree worked.
2025-09-07 13:56:19,835 - choreographer.utils._tmpfile - INFO - TemporaryDirectory.cleanup() worked.
2025-09-07 13:56:19,835 - choreographer.utils._tmpfile - INFO - shutil.rmtree worked.
